Sun 20:12: PROGRESS: MaxCompiler version: 2017.2.1
Sun 20:12: PROGRESS: Build "Simulation" start time: Sun Nov 25 20:12:12 EET 2018
Sun 20:12: PROGRESS: Main build process running as user ioannmag on host mummra.microlab.ntua.gr
Sun 20:12: INFO    : Loading build properties from bundled MaxCompiler_build.conf...
Sun 20:12: INFO    : No default external build property file has been specified.
Sun 20:12: INFO    : (Set environment variable MAXCOMPILER_DEFAULT_CONF_FILE to assign one)
Sun 20:12: INFO    : Loading user build properties from: /home/ioannmag/.MaxCompiler_build_user.conf
Sun 20:12: INFO    : No user-specified external build property file has been specified.
Sun 20:12: INFO    : (Set environment variable MAXCOMPILER_BUILD_CONF_FILE to assign one)
Sun 20:12: INFO    : Loading additional parameters from MAXCOMPILER_BUILD_CONF environment variable
Sun 20:12: PROGRESS: Build location: /home/ioannmag/workspace/SingleKernel_float_unroll3/RunRules/Simulation/maxfiles/Simulation_MAIA_DFE_SIM
Sun 20:12: PROGRESS: Detailed build log available in "_build.log"
Sun 20:12: INFO    : Created build manager Simulation (Simulation_MAIA_DFE_SIM Sun Nov 25 20:12:12 EET 2018). (20:12:12 25/11/18)
Sun 20:12: INFO    : Working in dir: /home/ioannmag/workspace/SingleKernel_float_unroll3/RunRules/Simulation/maxfiles/Simulation_MAIA_DFE_SIM
Sun 20:12: INFO    : Java class path (2 paths):
Sun 20:12: INFO    : 	/home/ioannmag/workspace/SingleKernel_float_unroll3/EngineCode/bin
Sun 20:12: INFO    : 	/opt/maxcompiler2017.2.1/lib/MaxCompiler.jar
Sun 20:12: INFO    : Java process started by 'main' method in class 'simulation.SimulationManager'.
Sun 20:12: INFO    : build.arbitrated_core_cache parameter is blank, not using core-cache
Sun 20:12: INFO    : Checking license files in directory: /opt/maxcompiler2017.2.1/licenses
Sun 20:12: INFO    : All license signatures valid.
Sun 20:12: ERROR   : +++++ License error. We have been unable to confirm that you have a license to run MaxCompiler.
Sun 20:12: ERROR   : You may need to obtain an updated license file from Maxeler.
Sun 20:12: ERROR   : 
Sun 20:12: ERROR   : +++++ Details of error(s) triggered +++++
Sun 20:12: ERROR   : License error: expiry date check fails.
Sun 20:12: ERROR   : License error: expiry date check fails.
Sun 20:12: ERROR   : 
Sun 20:12: ERROR   : +++++ Full details of valid licenses:
Sun 20:12: ERROR   : {configuration=[],features=[{
Sun 20:12: ERROR   : feature="MaxCompiler_core",version=,owner=NTUA,expiry={clock=system,enforce=error,expiry=2017-11-21},release={start=1900-01-01,end=2017-11-21},fuse=,nodes={0C:C4:7A:6C:9B:7A},cards={},
Sun 20:12: ERROR   :     sig=302c0214271e345b3a056235fcb73bb12254f2a3418622920214453a911d1073d922ae705edea66089b65613ad96,sigValid=true}, {
Sun 20:12: ERROR   : feature="MaxGenFD",version=,owner=NTUA,expiry={clock=system,enforce=error,expiry=2017-11-21},release={start=1900-01-01,end=2017-11-21},fuse=,nodes={0C:C4:7A:6C:9B:7A},cards={},
Sun 20:12: ERROR   :     sig=302c02144aa45bfdefabf3af2f23415a81d3adb7450813c9021448340ee4d5aac85780219dc4bb3b4e29264415ca,sigValid=true}, {
Sun 20:12: ERROR   : feature="MaxCompiler_core",version=,owner=NTUA,expiry={clock=system,enforce=error,expiry=2018-11-22},release={start=1900-01-01,end=2018-11-22},fuse=,nodes={0C:C4:7A:6C:9B:7A,52:54:00:5B:54:EE},cards={},
Sun 20:12: ERROR   :     sig=302d0215008e35f0e0a66dfdf4877fab359612611abef4758c021407c6d6a5bfc401ba44ac987b7dff5fc9fd119555,sigValid=true}, {
Sun 20:12: ERROR   : feature="MaxGenFD",version=,owner=NTUA,expiry={clock=system,enforce=error,expiry=2018-11-22},release={start=1900-01-01,end=2018-11-22},fuse=,nodes={0C:C4:7A:6C:9B:7A,52:54:00:5B:54:EE},cards={},
Sun 20:12: ERROR   :     sig=302c021410efa555ea522a1762e1413c6eb7905200738a1402145b9edfa003b7428cdc2e5c984e4ca23823666179,sigValid=true}]}
Sun 20:12: ERROR   : 
Sun 20:12: ERROR   : +++++ Found 2 license file(s):
Sun 20:12: ERROR   : /opt/maxcompiler2017.2.1/licenses/2017-11-21-Maxeler-MaxCompilerMaxGenFD-NTUA.lic
Sun 20:12: ERROR   : /opt/maxcompiler2017.2.1/licenses/2018-11-22-Maxeler-MaxCompilerMaxGenFD-NTUA.lic
Sun 20:12: ERROR   : 
Sun 20:12: ERROR   : Cannot find a valid license for feature 'MaxCompiler_core' version 2017.2.1; exiting now.
Sun 20:12: ERROR   : Note: In some cases if you have a valid license, this can be caused if your network interface device is not set-up or is disconnected from a real network.
